-------------------------------------------------------------------------------
Test set: StepDefinitions.TestRunner
-------------------------------------------------------------------------------
Tests run: 3, Failures: 1, Errors: 0, Skipped: 0, Time elapsed: 66.51 s <<< FAILURE! -- in StepDefinitions.TestRunner
Feature to test login functionality.Check login with invalid credentials and login fails -- Time elapsed: 7.861 s <<< FAILURE!
java.lang.AssertionError: User login failed
	at StepDefinitions.Login.user_is_navigated_to_dashboard(Login.java:55)
	at âœ½.user is navigated to dashboard(file:///C:/Users/rajes/eclipse-workspace/TotalSecurityDemo/src/main/resources/Features/Login.feature:30)

