<?xml version="1.0" encoding="UTF-8"?>
<testsuite xmlns:xsi="http://www.w3.org/2001/XMLSchema-instance" xsi:noNamespaceSchemaLocation="https://maven.apache.org/surefire/maven-surefire-plugin/xsd/surefire-test-report-3.0.xsd" version="3.0" name="StepDefinitions.TestRunner" time="66.506" tests="3" errors="0" skipped="0" failures="1">
  <properties>
[...]
</properties>
  <testcase name="Check login is successful with valid credentials" classname="Feature to test login functionality" time="9.789">
    <system-out><![CDATA[
Scenario Outline: Check login is successful with valid credentials    # src/main/resources/Features/Login.feature:23
  Given user opens browser                                            # StepDefinitions.Login.user_opens_browser()
Navigated to the home page
  And Navigates to https://www.TotalAV.com/ and click on login button # StepDefinitions.Login.Navigates_to_total_av_url_and_click_on_login_button(java.lang.String)
Login form is displayed.
  When user enters koppulasukanya2024@gmail.com and Sukanya2020#      # StepDefinitions.Login.user_enters_username_and_password(java.lang.String,java.lang.String)
  And user clicks on login button                                     # StepDefinitions.Login.user_clicks_on_login_button()
  Then user is navigated to dashboard                                 # StepDefinitions.Login.user_is_navigated_to_dashboard()
  And close browser                                                   # StepDefinitions.Login.close_browser()
]]></system-out>
  </testcase>
  <testcase name="Check login with invalid credentials and login fails" classname="Feature to test login functionality" time="7.861">
    <failure message="User login failed" type="java.lang.AssertionError"><![CDATA[java.lang.AssertionError: User login failed
	at StepDefinitions.Login.user_is_navigated_to_dashboard(Login.java:55)
	at ✽.user is navigated to dashboard(file:///C:/Users/rajes/eclipse-workspace/TotalSecurityDemo/src/main/resources/Features/Login.feature:30)
]]></failure>
    <system-out><![CDATA[
Scenario Outline: Check login with invalid credentials and login fails # src/main/resources/Features/Login.feature:35
  Given user opens browser                                             # StepDefinitions.Login.user_opens_browser()
Navigated to the home page
  And Navigates to https://www.TotalAV.com/ and click on login button  # StepDefinitions.Login.Navigates_to_total_av_url_and_click_on_login_button(java.lang.String)
Login form is displayed.
  When user enters koppulasukanya2024@gmail.com and testuser123        # StepDefinitions.Login.user_enters_username_and_password(java.lang.String,java.lang.String)
  And user clicks on login button                                      # StepDefinitions.Login.user_clicks_on_login_button()
  Then user is navigated to dashboard                                  # StepDefinitions.Login.user_is_navigated_to_dashboard()
      java.lang.AssertionError: User login failed
	at org.junit.Assert.fail(Assert.java:89)
	at org.junit.Assert.assertTrue(Assert.java:42)
	at StepDefinitions.Login.user_is_navigated_to_dashboard(Login.java:55)
	at âœ½.user is navigated to dashboard(file:///C:/Users/rajes/eclipse-workspace/TotalSecurityDemo/src/main/resources/Features/Login.feature:30)

  And close browser                                                    # StepDefinitions.Login.close_browser()
]]></system-out>
  </testcase>
  <testcase name="Verify &quot;AntivirusPro&quot; sublink" classname="To verify all navigation links on homepage" time="48.531">
    <system-out><![CDATA[
Scenario: Verify "AntivirusPro" sublink                                # src/main/resources/Features/NavigationLinksHomePage.feature:11
  Given user open browser                                              # StepDefinitions.Navâ�®igationLinks.user_open_browser()
  And navigates to totalAV homepage                                    # StepDefinitions.Navâ�®igationLinks.navigates_to_totalAV_homepage()
  When user selects antiviruspro sublink from product main menu        # StepDefinitions.Navâ�®igationLinks.user_selects_antiviruspro_sublink_from_product_main_menu()
  Then user navigates to antivirus pro page                            # StepDefinitions.Navâ�®igationLinks.user_navigates_to_antivirus_pro_page()
  When user selects internetsecurity sublink                           # StepDefinitions.Navâ�®igationLinks.user_selects_internetsecurity_sublink()
  Then user navigates to internetsecurity page                         # StepDefinitions.Navâ�®igationLinks.user_navigates_to_internetsecurity_page()
  When user selects antivirus sublink from security main menu          # StepDefinitions.Navâ�®igationLinks.user_selects_antivirus_sublink_from_security_main_menu()
  Then user navigates to antivirus page                                # StepDefinitions.Navâ�®igationLinks.user_navigates_to_antivirus_page()
  When user selects vpn sublink from security main menu                # StepDefinitions.Navâ�®igationLinks.user_selects_vpn_sublink_from_security_main_menu()
  Then user navigates to vpn page                                      # StepDefinitions.Navâ�®igationLinks.user_navigates_to_vpn_page()
  When user selects webshield sublink from security main menu          # StepDefinitions.Navâ�®igationLinks.user_selects_webshield_sublink_from_security_main_menu()
  Then user navigates to webshield page                                # StepDefinitions.Navâ�®igationLinks.user_navigates_to_webshield_page()
  When user selects data breach sublink from security main menu        # StepDefinitions.Navâ�®igationLinks.user_selects_data_breach_sublink_from_security_main_menu()
  Then user navigates to data breach page                              # StepDefinitions.Navâ�®igationLinks.user_navigates_to_data_breach_page()
  When user selects total password sublink from privacy main menu      # StepDefinitions.Navâ�®igationLinks.user_selects_total_password_sublink_from_privacy_main_menu()
  Then user navigates to total password page                           # StepDefinitions.Navâ�®igationLinks.user_navigates_to_total_password_page()
  When user selects identity protection sublink from privacy main menu # StepDefinitions.Navâ�®igationLinks.user_selects_identity_protection_sublink_from_privacy_main_menu()
  Then user navigates to identity protection page                      # StepDefinitions.Navâ�®igationLinks.user_navigates_to_identity_protection_page()
  When user clicks on support link                                     # StepDefinitions.Navâ�®igationLinks.user_clicks_on_support_link()
  Then user navigates to support page                                  # StepDefinitions.Navâ�®igationLinks.user_navigates_to_support_page()
]]></system-out>
  </testcase>
</testsuite>